<?xml version="1.0" encoding="UTF-8"?>
<!-- Generated by org.testng.reporters.JUnitReportReporter -->
<testsuite hostname="DESKTOP-7CK6IGB" failures="0" tests="1" name="com.test.GetID" time="3.262" errors="0" timestamp="14 Dec 2020 23:41:06 GMT">
  <testcase classname="com.test.GetID" name="getAuthorname" time="3.262"/>
</testsuite>
