<?xml version="1.0" encoding="UTF-8"?>
<!-- Generated by org.testng.reporters.JUnitReportReporter -->
<testsuite hostname="DESKTOP-7CK6IGB" failures="0" tests="1" name="com.test.ReadFromFile" time="2.606" errors="0" timestamp="15 Dec 2020 00:46:56 GMT">
  <testcase classname="com.test.ReadFromFile" name="createBookByFileJson" time="2.606"/>
</testsuite>
