<?xml version="1.0" encoding="UTF-8"?>
<!-- Generated by org.testng.reporters.JUnitReportReporter -->
<testsuite hostname="DESKTOP-7CK6IGB" failures="0" tests="1" name="com.postTest.RegisterUser" time="3.519" errors="0" timestamp="16 Dec 2020 21:47:45 GMT">
  <testcase classname="com.postTest.RegisterUser" name="createFirstUser" time="3.519"/>
</testsuite>
