<?xml version="1.0" encoding="UTF-8"?>
<!-- Generated by org.testng.reporters.JUnitReportReporter -->
<testsuite hostname="DESKTOP-7CK6IGB" failures="0" tests="1" name="com.getTest.GetUser" time="3.256" errors="0" timestamp="16 Dec 2020 21:20:05 GMT">
  <testcase classname="com.getTest.GetUser" name="getListOfUser" time="3.256"/>
</testsuite>
