<?xml version="1.0" encoding="UTF-8"?>
<!-- Generated by org.testng.reporters.JUnitReportReporter -->
<testsuite hostname="DESKTOP-7CK6IGB" failures="0" tests="1" name="com.deserializationTest.PojoTest" time="3.845" errors="0" timestamp="16 Dec 2020 01:38:59 GMT">
  <testcase classname="com.deserializationTest.PojoTest" name="TestDeserialization" time="3.845"/>
</testsuite>
