<?xml version="1.0" encoding="UTF-8"?>
<!-- Generated by org.testng.reporters.JUnitReportReporter -->
<testsuite hostname="DESKTOP-7CK6IGB" failures="0" tests="1" name="com.test.GetBook" time="3.095" errors="0" timestamp="15 Dec 2020 17:48:13 GMT">
  <testcase classname="com.test.GetBook" name="getBook" time="3.095"/>
</testsuite>
